# JRE version: OpenJDK Runtime Environment (11.0.13) (build 11.0.13+0-b1751.21-8125866)
# Java VM: OpenJDK 64-Bit Server VM (11.0.13+0-b1751.21-8125866, mixed mode, tiered, compressed oops, g1 gc, windows-amd64)
Heap:
 garbage-first heap   total 101376K, used 64390K [0x00000000c0000000, 0x0000000100000000)
  region size 1024K, 1 young (1024K), 1 survivors (1024K)
 Metaspace       used 69299K, capacity 70868K, committed 70992K, reserved 1112064K
  class space    used 8679K, capacity 9287K, committed 9376K, reserved 1048576K
GC Heap History (20 events):
Event: 297.010 GC heap after
{Heap after GC invocations=161 (full 0):
 garbage-first heap   total 69632K, used 63410K [0x00000000c0000000, 0x0000000100000000)
  region size 1024K, 1 young (1024K), 1 survivors (1024K)
 Metaspace       used 69262K, capacity 70834K, committed 70992K, reserved 1112064K
  class space    used 8674K, capacity 9253K, committed 9376K, reserved 1048576K
}
Event: 297.028 GC heap before
{Heap before GC invocations=161 (full 0):
 garbage-first heap   total 69632K, used 65458K [0x00000000c0000000, 0x0000000100000000)
  region size 1024K, 3 young (3072K), 1 survivors (1024K)
 Metaspace       used 69262K, capacity 70834K, committed 70992K, reserved 1112064K
  class space    used 8674K, capacity 9253K, committed 9376K, reserved 1048576K
}
Event: 297.029 GC heap after
{Heap after GC invocations=162 (full 0):
 garbage-first heap   total 69632K, used 63351K [0x00000000c0000000, 0x0000000100000000)
  region size 1024K, 1 young (1024K), 1 survivors (1024K)
 Metaspace       used 69262K, capacity 70834K, committed 70992K, reserved 1112064K
  class space    used 8674K, capacity 9253K, committed 9376K, reserved 1048576K
}
Event: 297.052 GC heap before
{Heap before GC invocations=162 (full 0):
 garbage-first heap   total 69632K, used 65399K [0x00000000c0000000, 0x0000000100000000)
  region size 1024K, 3 young (3072K), 1 survivors (1024K)
 Metaspace       used 69262K, capacity 70834K, committed 70992K, reserved 1112064K
  class space    used 8674K, capacity 9253K, committed 9376K, reserved 1048576K
}
Event: 297.053 GC heap after
{Heap after GC invocations=163 (full 0):
 garbage-first heap   total 69632K, used 63356K [0x00000000c0000000, 0x0000000100000000)
  region size 1024K, 1 young (1024K), 1 survivors (1024K)
 Metaspace       used 69262K, capacity 70834K, committed 70992K, reserved 1112064K
  class space    used 8674K, capacity 9253K, committed 9376K, reserved 1048576K
}
Event: 297.065 GC heap before
{Heap before GC invocations=163 (full 0):
 garbage-first heap   total 69632K, used 65404K [0x00000000c0000000, 0x0000000100000000)
  region size 1024K, 3 young (3072K), 1 survivors (1024K)
 Metaspace       used 69266K, capacity 70834K, committed 70992K, reserved 1112064K
  class space    used 8674K, capacity 9253K, committed 9376K, reserved 1048576K
}
Event: 297.067 GC heap after
{Heap after GC invocations=164 (full 0):
 garbage-first heap   total 69632K, used 63421K [0x00000000c0000000, 0x0000000100000000)
  region size 1024K, 1 young (1024K), 1 survivors (1024K)
 Metaspace       used 69266K, capacity 70834K, committed 70992K, reserved 1112064K
  class space    used 8674K, capacity 9253K, committed 9376K, reserved 1048576K
}
Event: 297.081 GC heap before
{Heap before GC invocations=165 (full 0):
 garbage-first heap   total 69632K, used 65469K [0x00000000c0000000, 0x0000000100000000)
  region size 1024K, 3 young (3072K), 1 survivors (1024K)
 Metaspace       used 69271K, capacity 70834K, committed 70992K, reserved 1112064K
  class space    used 8674K, capacity 9253K, committed 9376K, reserved 1048576K
}
Event: 297.082 GC heap after
{Heap after GC invocations=166 (full 0):
 garbage-first heap   total 69632K, used 63635K [0x00000000c0000000, 0x0000000100000000)
  region size 1024K, 1 young (1024K), 1 survivors (1024K)
 Metaspace       used 69271K, capacity 70834K, committed 70992K, reserved 1112064K
  class space    used 8674K, capacity 9253K, committed 9376K, reserved 1048576K
}
Event: 297.173 GC heap before
{Heap before GC invocations=166 (full 0):
 garbage-first heap   total 69632K, used 65683K [0x00000000c0000000, 0x0000000100000000)
  region size 1024K, 3 young (3072K), 1 survivors (1024K)
 Metaspace       used 69273K, capacity 70834K, committed 70992K, reserved 1112064K
  class space    used 8674K, capacity 9253K, committed 9376K, reserved 1048576K
}
Event: 297.175 GC heap after
{Heap after GC invocations=167 (full 0):
 garbage-first heap   total 69632K, used 64016K [0x00000000c0000000, 0x0000000100000000)
  region size 1024K, 1 young (1024K), 1 survivors (1024K)
 Metaspace       used 69273K, capacity 70834K, committed 70992K, reserved 1112064K
  class space    used 8674K, capacity 9253K, committed 9376K, reserved 1048576K
}
Event: 297.314 GC heap before
{Heap before GC invocations=168 (full 0):
 garbage-first heap   total 69632K, used 66064K [0x00000000c0000000, 0x0000000100000000)
  region size 1024K, 3 young (3072K), 1 survivors (1024K)
 Metaspace       used 69297K, capacity 70868K, committed 70992K, reserved 1112064K
  class space    used 8679K, capacity 9287K, committed 9376K, reserved 1048576K
}
Event: 297.316 GC heap after
{Heap after GC invocations=169 (full 0):
 garbage-first heap   total 69632K, used 64158K [0x00000000c0000000, 0x0000000100000000)
  region size 1024K, 1 young (1024K), 1 survivors (1024K)
 Metaspace       used 69297K, capacity 70868K, committed 70992K, reserved 1112064K
  class space    used 8679K, capacity 9287K, committed 9376K, reserved 1048576K
}
Event: 297.323 GC heap before
{Heap before GC invocations=169 (full 0):
 garbage-first heap   total 69632K, used 66206K [0x00000000c0000000, 0x0000000100000000)
  region size 1024K, 3 young (3072K), 1 survivors (1024K)
 Metaspace       used 69297K, capacity 70868K, committed 70992K, reserved 1112064K
  class space    used 8679K, capacity 9287K, committed 9376K, reserved 1048576K
}
Event: 297.325 GC heap after
{Heap after GC invocations=170 (full 0):
 garbage-first heap   total 69632K, used 64185K [0x00000000c0000000, 0x0000000100000000)
  region size 1024K, 1 young (1024K), 1 survivors (1024K)
 Metaspace       used 69297K, capacity 70868K, committed 70992K, reserved 1112064K
  class space    used 8679K, capacity 9287K, committed 9376K, reserved 1048576K
}
Event: 297.345 GC heap before
{Heap before GC invocations=170 (full 0):
 garbage-first heap   total 69632K, used 66233K [0x00000000c0000000, 0x0000000100000000)
  region size 1024K, 3 young (3072K), 1 survivors (1024K)
 Metaspace       used 69299K, capacity 70868K, committed 70992K, reserved 1112064K
  class space    used 8679K, capacity 9287K, committed 9376K, reserved 1048576K
}
Event: 297.347 GC heap after
{Heap after GC invocations=171 (full 0):
 garbage-first heap   total 69632K, used 64433K [0x00000000c0000000, 0x0000000100000000)
  region size 1024K, 1 young (1024K), 1 survivors (1024K)
 Metaspace       used 69299K, capacity 70868K, committed 70992K, reserved 1112064K
  class space    used 8679K, capacity 9287K, committed 9376K, reserved 1048576K
}
Event: 297.359 GC heap before
{Heap before GC invocations=171 (full 0):
 garbage-first heap   total 69632K, used 66481K [0x00000000c0000000, 0x0000000100000000)
  region size 1024K, 3 young (3072K), 1 survivors (1024K)
 Metaspace       used 69299K, capacity 70868K, committed 70992K, reserved 1112064K
  class space    used 8679K, capacity 9287K, committed 9376K, reserved 1048576K
}
Event: 297.362 GC heap after
{Heap after GC invocations=172 (full 0):
 garbage-first heap   total 69632K, used 64450K [0x00000000c0000000, 0x0000000100000000)
  region size 1024K, 1 young (1024K), 1 survivors (1024K)
 Metaspace       used 69299K, capacity 70868K, committed 70992K, reserved 1112064K
  class space    used 8679K, capacity 9287K, committed 9376K, reserved 1048576K
}
Event: 297.371 GC heap before
{Heap before GC invocations=172 (full 0):
 garbage-first heap   total 69632K, used 66498K [0x00000000c0000000, 0x0000000100000000)
  region size 1024K, 3 young (3072K), 1 survivors (1024K)
 Metaspace       used 69299K, capacity 70868K, committed 70992K, reserved 1112064K
  class space    used 8679K, capacity 9287K, committed 9376K, reserved 1048576K
}

